<?xml version="1.0" encoding="utf-8"?><testsuites name="pytest tests"><testsuite name="pytest" errors="0" failures="1" skipped="0" tests="12" time="1.774" timestamp="2026-07-04T06:02:54.947993+00:00" hostname="agent-env-1f3f34db-4440-4eb1-aaa8-3afcc47c8f44"><testcase classname="tests.backend_test" name="test_health" time="0.158" /><testcase classname="tests.backend_test" name="test_seed_idempotent" time="0.100" /><testcase classname="tests.backend_test" name="test_sellers_list" time="0.044" /><testcase classname="tests.backend_test" name="test_seller_invalid_gstin" time="0.052" /><testcase classname="tests.backend_test" name="test_upload_marketplace_csv_and_job" time="0.165" /><testcase classname="tests.backend_test" name="test_invoices_marketplace_listed" time="0.047" /><testcase classname="tests.backend_test" name="test_compliance_preview_structure" time="0.057"><failure message="AssertionError: missing 4D.source_ids&#10;assert 'source_ids' in {'igst': 2700.0, 'cgst': 0.0, 'sgst': 0.0, 'cess': 0.0, ...}">backend/tests/backend_test.py:113: in test_compliance_preview_structure
    assert f in t4[cell], f"missing {cell}.{f}"
E   AssertionError: missing 4D.source_ids
E   assert 'source_ids' in {'igst': 2700.0, 'cgst': 0.0, 'sgst': 0.0, 'cess': 0.0, ...}</failure></testcase><testcase classname="tests.backend_test" name="test_table4a_only_verified_vendors" time="0.094" /><testcase classname="tests.backend_test" name="test_ims_accept_and_pending_rules" time="0.184" /><testcase classname="tests.backend_test" name="test_interest_estimate" time="0.050" /><testcase classname="tests.backend_test" name="test_export_gstr1_download_token" time="0.194" /><testcase classname="tests.backend_test" name="test_export_gstr3b" time="0.047" /></testsuite></testsuites>